Performing C SOURCE FILE Test CMAKE_HAVE_LIBC_PTHREAD failed with the following output:
Change Dir: /media/fabienfrfr/F6166FAF166F7013/0_JOBS/GIT/libtorch_prnn/build/CMakeFiles/CMakeTmp

Run Build Command(s):/usr/bin/make -f Makefile cmTC_1aa5a/fast && /usr/bin/make  -f CMakeFiles/cmTC_1aa5a.dir/build.make CMakeFiles/cmTC_1aa5a.dir/build
make[1] : on entre dans le répertoire « /media/fabienfrfr/F6166FAF166F7013/0_JOBS/GIT/libtorch_prnn/build/CMakeFiles/CMakeTmp »
Building C object CMakeFiles/cmTC_1aa5a.dir/src.c.o
/usr/bin/cc -DCMAKE_HAVE_LIBC_PTHREAD   -o CMakeFiles/cmTC_1aa5a.dir/src.c.o -c /media/fabienfrfr/F6166FAF166F7013/0_JOBS/GIT/libtorch_prnn/build/CMakeFiles/CMakeTmp/src.c
Linking C executable cmTC_1aa5a
/home/fabienfrfr/.local/lib/python3.5/site-packages/cmake/data/bin/cmake -E cmake_link_script CMakeFiles/cmTC_1aa5a.dir/link.txt --verbose=1
/usr/bin/cc -rdynamic CMakeFiles/cmTC_1aa5a.dir/src.c.o -o cmTC_1aa5a 
CMakeFiles/cmTC_1aa5a.dir/src.c.o : Dans la fonction « main » :
src.c:(.text+0x3e) : référence indéfinie vers « pthread_create »
src.c:(.text+0x4a) : référence indéfinie vers « pthread_detach »
src.c:(.text+0x56) : référence indéfinie vers « pthread_cancel »
src.c:(.text+0x67) : référence indéfinie vers « pthread_join »
src.c:(.text+0x7b) : référence indéfinie vers « pthread_atfork »
collect2: error: ld returned 1 exit status
CMakeFiles/cmTC_1aa5a.dir/build.make:98: recipe for target 'cmTC_1aa5a' failed
make[1]: *** [cmTC_1aa5a] Error 1
make[1] : on quitte le répertoire « /media/fabienfrfr/F6166FAF166F7013/0_JOBS/GIT/libtorch_prnn/build/CMakeFiles/CMakeTmp »
Makefile:127: recipe for target 'cmTC_1aa5a/fast' failed
make: *** [cmTC_1aa5a/fast] Error 2


Source file was:
#include <pthread.h>

static void* test_func(void* data)
{
  return data;
}

int main(void)
{
  pthread_t thread;
  pthread_create(&thread, NULL, test_func, NULL);
  pthread_detach(thread);
  pthread_cancel(thread);
  pthread_join(thread, NULL);
  pthread_atfork(NULL, NULL, NULL);
  pthread_exit(NULL);

  return 0;
}

Determining if the function pthread_create exists in the pthreads failed with the following output:
Change Dir: /media/fabienfrfr/F6166FAF166F7013/0_JOBS/GIT/libtorch_prnn/build/CMakeFiles/CMakeTmp

Run Build Command(s):/usr/bin/make -f Makefile cmTC_68097/fast && /usr/bin/make  -f CMakeFiles/cmTC_68097.dir/build.make CMakeFiles/cmTC_68097.dir/build
make[1] : on entre dans le répertoire « /media/fabienfrfr/F6166FAF166F7013/0_JOBS/GIT/libtorch_prnn/build/CMakeFiles/CMakeTmp »
Building C object CMakeFiles/cmTC_68097.dir/CheckFunctionExists.c.o
/usr/bin/cc   -DCHECK_FUNCTION_EXISTS=pthread_create -o CMakeFiles/cmTC_68097.dir/CheckFunctionExists.c.o -c /home/fabienfrfr/.local/lib/python3.5/site-packages/cmake/data/share/cmake-3.23/Modules/CheckFunctionExists.c
Linking C executable cmTC_68097
/home/fabienfrfr/.local/lib/python3.5/site-packages/cmake/data/bin/cmake -E cmake_link_script CMakeFiles/cmTC_68097.dir/link.txt --verbose=1
/usr/bin/cc  -DCHECK_FUNCTION_EXISTS=pthread_create -rdynamic CMakeFiles/cmTC_68097.dir/CheckFunctionExists.c.o -o cmTC_68097  -lpthreads 
/usr/bin/ld : ne peut trouver -lpthreads
collect2: error: ld returned 1 exit status
CMakeFiles/cmTC_68097.dir/build.make:98: recipe for target 'cmTC_68097' failed
make[1]: *** [cmTC_68097] Error 1
make[1] : on quitte le répertoire « /media/fabienfrfr/F6166FAF166F7013/0_JOBS/GIT/libtorch_prnn/build/CMakeFiles/CMakeTmp »
Makefile:127: recipe for target 'cmTC_68097/fast' failed
make: *** [cmTC_68097/fast] Error 2



